<?xml version="1.0" encoding="UTF-8"?>
<!-- Generated by org.testng.reporters.JUnitReportReporter -->
<testsuite hostname="admins-MacBook-Air.local" failures="0" tests="16" name="com.mlwallet.ios_scripts.MLWalletSettingScripts" time="1065.008" errors="1" timestamp="2023-06-28T10:43:05 IST" skipped="0">
  <testcase classname="com.mlwallet.ios_scripts.MLWalletSettingScripts" name="accountDetails_SS_TC_01" time="62.363"/>
  <system-out/>
  <testcase classname="com.mlwallet.ios_scripts.MLWalletSettingScripts" name="settingsValidMLPinValidation_SS_TC_02" time="85.228"/>
  <system-out/>
  <testcase classname="com.mlwallet.ios_scripts.MLWalletSettingScripts" name="settingsInvalidMLPinValidation_SS_TC_03" time="68.699"/>
  <system-out/>
  <testcase classname="com.mlwallet.ios_scripts.MLWalletSettingScripts" name="settingAccRecovery_SS_TC_05" time="114.041"/>
  <system-out/>
  <testcase classname="com.mlwallet.ios_scripts.MLWalletSettingScripts" name="settingsPageUIValidation_SS_TC_06" time="56.472"/>
  <system-out/>
  <testcase classname="com.mlwallet.ios_scripts.MLWalletSettingScripts" name="settingsBackBtnValidation_SS_TC_07" time="46.982"/>
  <system-out/>
  <testcase classname="com.mlwallet.ios_scripts.MLWalletSettingScripts" name="settingsDeleteAccountPopUpUIValidation_SS_TC_10" time="57.339"/>
  <system-out/>
  <testcase classname="com.mlwallet.ios_scripts.MLWalletSettingScripts" name="settingsChangeMLPinNavigation_SS_TC_12" time="66.085"/>
  <system-out/>
  <testcase classname="com.mlwallet.ios_scripts.MLWalletSettingScripts" name="settingsChangeMlPinBackBtnValidation_SS_TC_13" time="71.459"/>
  <system-out/>
  <testcase classname="com.mlwallet.ios_scripts.MLWalletSettingScripts" name="settingsAccountDetailsNavigation_SS_TC_14" time="60.711"/>
  <system-out/>
  <testcase classname="com.mlwallet.ios_scripts.MLWalletSettingScripts" name="settingsAccountDetailsBackBtnValidation_SS_TC_15" time="39.936">
    <error message="An element could not be located on the page using the given search parameters.
For documentation on this error, please visit: https://www.seleniumhq.org/exceptions/no_such_element.html
Build info: version: &#039;3.141.59&#039;, revision: &#039;e82be7d358&#039;, time: &#039;2018-11-14T08:17:03&#039;
System info: host: &#039;admins-MacBook-Air.local&#039;, ip: &#039;fe80:0:0:0:c24:377e:f6de:77bb%en0&#039;, os.name: &#039;Mac OS X&#039;, os.arch: &#039;x86_64&#039;, os.version: &#039;13.3&#039;, java.version: &#039;17.0.6&#039;
Driver info: io.appium.java_client.ios.IOSDriver
Capabilities {automationName: XCUITest, browserName: , bundleId: com.mlhuillier.mlwallet, commandTimeouts: 300, databaseEnabled: false, deviceName: iOS, javascriptEnabled: true, locationContextEnabled: false, networkConnectionEnabled: false, newCommandTimeout: 300, noReset: false, platform: MAC, platformName: iOS, takesScreenshot: true, udid: 00008101-0013245C2600801E, webStorageEnabled: false}
Session ID: 5846aa92-dec6-42ba-a000-98fe5e440f6b
*** Element info: {Using=xpath, value=//*[@name=&#039;Settings&#039;]}" type="org.openqa.selenium.NoSuchElementException">
      <![CDATA[org.openqa.selenium.NoSuchElementException: An element could not be located on the page using the given search parameters.
For documentation on this error, please visit: https://www.seleniumhq.org/exceptions/no_such_element.html
Build info: version: '3.141.59', revision: 'e82be7d358', time: '2018-11-14T08:17:03'
System info: host: 'admins-MacBook-Air.local', ip: 'fe80:0:0:0:c24:377e:f6de:77bb%en0', os.name: 'Mac OS X', os.arch: 'x86_64', os.version: '13.3', java.version: '17.0.6'
Driver info: io.appium.java_client.ios.IOSDriver
Capabilities {automationName: XCUITest, browserName: , bundleId: com.mlhuillier.mlwallet, commandTimeouts: 300, databaseEnabled: false, deviceName: iOS, javascriptEnabled: true, locationContextEnabled: false, networkConnectionEnabled: false, newCommandTimeout: 300, noReset: false, platform: MAC, platformName: iOS, takesScreenshot: true, udid: 00008101-0013245C2600801E, webStorageEnabled: false}
Session ID: 5846aa92-dec6-42ba-a000-98fe5e440f6b
*** Element info: {Using=xpath, value=//*[@name='Settings']}
at jdk.internal.reflect.GeneratedConstructorAccessor22.newInstance(Unknown Source)
at java.base/jdk.internal.reflect.DelegatingConstructorAccessorImpl.newInstance(DelegatingConstructorAccessorImpl.java:45)
at java.base/java.lang.reflect.Constructor.newInstanceWithCaller(Constructor.java:499)
at java.base/java.lang.reflect.Constructor.newInstance(Constructor.java:480)
at org.openqa.selenium.remote.http.W3CHttpResponseCodec.createException(W3CHttpResponseCodec.java:187)
at org.openqa.selenium.remote.http.W3CHttpResponseCodec.decode(W3CHttpResponseCodec.java:122)
at org.openqa.selenium.remote.http.W3CHttpResponseCodec.decode(W3CHttpResponseCodec.java:49)
at org.openqa.selenium.remote.HttpCommandExecutor.execute(HttpCommandExecutor.java:158)
at io.appium.java_client.remote.AppiumCommandExecutor.execute(AppiumCommandExecutor.java:239)
at org.openqa.selenium.remote.RemoteWebDriver.execute(RemoteWebDriver.java:552)
at io.appium.java_client.DefaultGenericMobileDriver.execute(DefaultGenericMobileDriver.java:41)
at io.appium.java_client.AppiumDriver.execute(AppiumDriver.java:1)
at io.appium.java_client.ios.IOSDriver.execute(IOSDriver.java:1)
at org.openqa.selenium.remote.RemoteWebDriver.findElement(RemoteWebDriver.java:323)
at io.appium.java_client.DefaultGenericMobileDriver.findElement(DefaultGenericMobileDriver.java:61)
at io.appium.java_client.AppiumDriver.findElement(AppiumDriver.java:1)
at io.appium.java_client.ios.IOSDriver.findElement(IOSDriver.java:1)
at org.openqa.selenium.remote.RemoteWebDriver.findElementByXPath(RemoteWebDriver.java:428)
at io.appium.java_client.DefaultGenericMobileDriver.findElementByXPath(DefaultGenericMobileDriver.java:151)
at io.appium.java_client.AppiumDriver.findElementByXPath(AppiumDriver.java:1)
at io.appium.java_client.ios.IOSDriver.findElementByXPath(IOSDriver.java:1)
at org.openqa.selenium.By$ByXPath.findElement(By.java:353)
at org.openqa.selenium.remote.RemoteWebDriver.findElement(RemoteWebDriver.java:315)
at io.appium.java_client.DefaultGenericMobileDriver.findElement(DefaultGenericMobileDriver.java:57)
at io.appium.java_client.AppiumDriver.findElement(AppiumDriver.java:1)
at io.appium.java_client.ios.IOSDriver.findElement(IOSDriver.java:1)
at com.utility.Utilities.getTextVal(Utilities.java:3439)
at com.business.mlwallet.MLWalletiOSBusinessLogic.settingsAccountDetailsBackBtnValidation_SS_TC_15(MLWalletiOSBusinessLogic.java:9273)
at com.mlwallet.ios_scripts.MLWalletSettingScripts.settingsAccountDetailsBackBtnValidation_SS_TC_15(MLWalletSettingScripts.java:79)
at java.base/jdk.internal.reflect.NativeMethodAccessorImpl.invoke0(Native Method)
at java.base/jdk.internal.reflect.NativeMethodAccessorImpl.invoke(NativeMethodAccessorImpl.java:77)
at java.base/jdk.internal.reflect.DelegatingMethodAccessorImpl.invoke(DelegatingMethodAccessorImpl.java:43)
at java.base/java.lang.reflect.Method.invoke(Method.java:568)
at org.testng.internal.invokers.MethodInvocationHelper.invokeMethod(MethodInvocationHelper.java:139)
at org.testng.internal.invokers.TestInvoker.invokeMethod(TestInvoker.java:677)
at org.testng.internal.invokers.TestInvoker.invokeTestMethod(TestInvoker.java:221)
at org.testng.internal.invokers.MethodRunner.runInSequence(MethodRunner.java:50)
at org.testng.internal.invokers.TestInvoker$MethodInvocationAgent.invoke(TestInvoker.java:969)
at org.testng.internal.invokers.TestInvoker.invokeTestMethods(TestInvoker.java:194)
at org.testng.internal.invokers.TestMethodWorker.invokeTestMethods(TestMethodWorker.java:148)
at org.testng.internal.invokers.TestMethodWorker.run(TestMethodWorker.java:128)
at java.base/java.util.ArrayList.forEach(ArrayList.java:1511)
at org.testng.TestRunner.privateRun(TestRunner.java:829)
at org.testng.TestRunner.run(TestRunner.java:602)
at org.testng.SuiteRunner.runTest(SuiteRunner.java:437)
at org.testng.SuiteRunner.runSequentially(SuiteRunner.java:431)
at org.testng.SuiteRunner.privateRun(SuiteRunner.java:391)
at org.testng.SuiteRunner.run(SuiteRunner.java:330)
at org.testng.SuiteRunnerWorker.runSuite(SuiteRunnerWorker.java:52)
at org.testng.SuiteRunnerWorker.run(SuiteRunnerWorker.java:95)
at org.testng.TestNG.runSuitesSequentially(TestNG.java:1256)
at org.testng.TestNG.runSuitesLocally(TestNG.java:1176)
at org.testng.TestNG.runSuites(TestNG.java:1099)
at org.testng.TestNG.run(TestNG.java:1067)
at org.testng.remote.AbstractRemoteTestNG.run(AbstractRemoteTestNG.java:115)
at org.testng.remote.RemoteTestNG.initAndRun(RemoteTestNG.java:251)
at org.testng.remote.RemoteTestNG.main(RemoteTestNG.java:77)
]]>
    </error>
  </testcase> <!-- settingsAccountDetailsBackBtnValidation_SS_TC_15 -->
  <system-out/>
  <testcase classname="com.mlwallet.ios_scripts.MLWalletSettingScripts" name="settingChangeMLPinUIValidation_SS_TC_16" time="69.461"/>
  <system-out/>
  <testcase classname="com.mlwallet.ios_scripts.MLWalletSettingScripts" name="settingsAccountRecoveryUIValidation_SS_TC_17" time="81.413"/>
  <system-out/>
  <testcase classname="com.mlwallet.ios_scripts.MLWalletSettingScripts" name="settingsDeleteAccountCancelBtnValidation_SS_TC_18" time="58.518"/>
  <system-out/>
  <testcase classname="com.mlwallet.ios_scripts.MLWalletSettingScripts" name="settingsAccountRecoveryNavigation_SS_TC_21" time="60.523"/>
  <system-out/>
  <testcase classname="com.mlwallet.ios_scripts.MLWalletSettingScripts" name="settingsTroubleSigningInBackBtnValidation_SS_TC_22" time="65.778"/>
  <system-out/>
</testsuite> <!-- com.mlwallet.ios_scripts.MLWalletSettingScripts -->
